
ROM used: 3822 (12%)
          3822 (12%) including unused fragments

          5 Average locations per line
          27 Average locations per statement

RAM used: 61 (3%) at main() level
          83 (4%) worst case

Stack used: 5 worst case (out of 31 total available)

Lines Stmts  %   Files
----- ----- ---  -----
  106    54  38  MedidorPrecipitador_V01.c
  451     0   0  C:\Program Files (x86)\PICC\Devices\18F4550.h
  190    89  62  lcd.h
----- -----
  747   143 Total

Page ROM  %  RAM   Vol Diff  Functions:
---- --- --- ---   --- ----  ----------
0     40   1   1             @delay_ms1
0     44   1   1   236  2.3  lcd_leer
0     66   1   3   388  2.9  lcd_enviar
0     82   1   1   447  3.8  lcd_init
0    102   1   4   667  6.0  lcd_gotoxy
0     94   1   1   441  7.5  lcd_putc
0     56   1   3   100  2.1  sensores
0   1128  15   4  1931  7.8  MAIN
0     14   0   0             @const104
0     32   0   2             @PSTRINGC_85
0     16   0   0             @const106
0     12   0   0             @const107
0     22   0   0             @const108
0     22   0   0             @const109
0     22   0   0             @const110
0     22   0   0             @const111
0     54   1   2             @ITOF
0    618   8  16             @ADDFF
0    346   5  14             @DIVFF
0    120   2  10             @FLT
0    242   3  11             @MULFF
0     22   0   0             @const126
0     64   1   5             @FTOSD
0    122   2  13             @DIV3232
0    386   5  13             @PRINTF_L32D_85FPFPF
0     22   0   0             @const136
0     14   0   0             @const137
0     34   0   3             @PSTRINGCN_85

Program metrics:
    Functions               7
    Statements              143
    Comments                195
    Volume (V)              5950
    Difficilty (D)          30.6
    Effort to implement (E) 182313
    Time to implement (T)   2 hours, 49 minutes
    Est Delivered Bugs (B)  1
    Cyclomatic Complexity   16
    Maintainability (MI)    134

 Segment     Used  Free
-----------  ----  ----
00000-00002     4  0  
00004-07FFE  3818  28946  



